This file contains any messages produced by compilers while
running configure, to aid debugging if configure makes a mistake.

It was created by Indri configure 5.6, which was
generated by GNU Autoconf 2.59.  Invocation command line was

  $ ./configure 

## --------- ##
## Platform. ##
## --------- ##

hostname = sslab22.cs.purdue.edu
uname -m = x86_64
uname -r = 4.3.3
uname -s = Linux
uname -v = #2 SMP Wed Jan 6 16:46:12 EST 2016

/usr/bin/uname -p = Intel(R) Core(TM) i7-4790S CPU @ 3.20GHz
/bin/uname -X     = unknown

/bin/arch              = unknown
/usr/bin/arch -k       = unknown
/usr/convex/getsysinfo = unknown
hostinfo               = unknown
/bin/machine           = unknown
/usr/bin/oslevel       = unknown
/bin/universe          = unknown

PATH: /p/oracle12c
PATH: /usr/local/jdk1.7.0/bin
PATH: /homes/olsenb/bin/.amd64-linux
PATH: /homes/olsenb/bin
PATH: /usr/local/bin
PATH: /bin
PATH: /usr/bin
PATH: /sbin
PATH: /usr/sbin
PATH: /usr/x86_64-pc-linux-gnu/gcc-bin/4.9.3
PATH: /usr/games/bin
PATH: .
PATH: /p/xinu/bin
PATH: /homes/olsenb/gcc-arm-none-eabi/bin


## ----------- ##
## Core tests. ##
## ----------- ##

configure:1372: checking build system type
configure:1390: result: x86_64-unknown-linux-gnu
configure:1398: checking host system type
configure:1412: result: x86_64-unknown-linux-gnu
configure:1467: checking for gcc
configure:1483: found /usr/bin/gcc
configure:1493: result: gcc
configure:1737: checking for C compiler version
configure:1740: gcc --version </dev/null >&5
gcc (Gentoo 4.9.3 p1.4, pie-0.6.4) 4.9.3
Copyright (C) 2015 Free Software Foundation, Inc.
This is free software; see the source for copying conditions.  There is NO
warranty; not even for MERCHANTABILITY or FITNESS FOR A PARTICULAR PURPOSE.

configure:1743: $? = 0
configure:1745: gcc -v </dev/null >&5
Using built-in specs.
COLLECT_GCC=/usr/x86_64-pc-linux-gnu/gcc-bin/4.9.3/gcc
COLLECT_LTO_WRAPPER=/usr/libexec/gcc/x86_64-pc-linux-gnu/4.9.3/lto-wrapper
Target: x86_64-pc-linux-gnu
Configured with: /scratch/portage/tmp/portage/sys-devel/gcc-4.9.3/work/gcc-4.9.3/configure --host=x86_64-pc-linux-gnu --build=x86_64-pc-linux-gnu --prefix=/usr --bindir=/usr/x86_64-pc-linux-gnu/gcc-bin/4.9.3 --includedir=/usr/lib/gcc/x86_64-pc-linux-gnu/4.9.3/include --datadir=/usr/share/gcc-data/x86_64-pc-linux-gnu/4.9.3 --mandir=/usr/share/gcc-data/x86_64-pc-linux-gnu/4.9.3/man --infodir=/usr/share/gcc-data/x86_64-pc-linux-gnu/4.9.3/info --with-gxx-include-dir=/usr/lib/gcc/x86_64-pc-linux-gnu/4.9.3/include/g++-v4 --with-python-dir=/share/gcc-data/x86_64-pc-linux-gnu/4.9.3/python --enable-objc-gc --enable-languages=c,c++,java,go,objc,obj-c++,fortran --enable-obsolete --enable-secureplt --disable-werror --with-system-zlib --disable-nls --enable-checking=release --with-bugurl=https://bugs.gentoo.org/ --with-pkgversion='Gentoo 4.9.3 p1.4, pie-0.6.4' --enable-libstdcxx-time --enable-shared --enable-threads=posix --enable-__cxa_atexit --enable-clocale=gnu --enable-multilib --with-multilib-list=m32,m64 --disable-altivec --disable-fixed-point --enable-targets=all --enable-libgomp --disable-libmudflap --disable-libssp --disable-libcilkrts --enable-lto --without-cloog --disable-libsanitizer
Thread model: posix
gcc version 4.9.3 (Gentoo 4.9.3 p1.4, pie-0.6.4) 
configure:1748: $? = 0
configure:1750: gcc -V </dev/null >&5
gcc: error: unrecognized command line option '-V'
gcc: fatal error: no input files
compilation terminated.
configure:1753: $? = 1
configure:1776: checking for C compiler default output file name
configure:1779: gcc -g -O3   conftest.c  >&5
configure:1782: $? = 0
configure:1828: result: a.out
configure:1833: checking whether the C compiler works
configure:1839: ./a.out
configure:1842: $? = 0
configure:1859: result: yes
configure:1866: checking whether we are cross compiling
configure:1868: result: no
configure:1871: checking for suffix of executables
configure:1873: gcc -o conftest -g -O3   conftest.c  >&5
configure:1876: $? = 0
configure:1901: result: 
configure:1907: checking for suffix of object files
configure:1928: gcc -c -g -O3  conftest.c >&5
configure:1931: $? = 0
configure:1953: result: o
configure:1957: checking whether we are using the GNU C compiler
configure:1981: gcc -c -g -O3  conftest.c >&5
configure:1987: $? = 0
configure:1991: test -z 
			 || test ! -s conftest.err
configure:1994: $? = 0
configure:1997: test -s conftest.o
configure:2000: $? = 0
configure:2013: result: yes
configure:2019: checking whether gcc accepts -g
configure:2040: gcc -c -g  conftest.c >&5
configure:2046: $? = 0
configure:2050: test -z 
			 || test ! -s conftest.err
configure:2053: $? = 0
configure:2056: test -s conftest.o
configure:2059: $? = 0
configure:2070: result: yes
configure:2087: checking for gcc option to accept ANSI C
configure:2157: gcc  -c -g -O3  conftest.c >&5
configure:2163: $? = 0
configure:2167: test -z 
			 || test ! -s conftest.err
configure:2170: $? = 0
configure:2173: test -s conftest.o
configure:2176: $? = 0
configure:2194: result: none needed
configure:2212: gcc -c -g -O3  conftest.c >&5
conftest.c:2:3: error: unknown type name 'choke'
   choke me
   ^
conftest.c:2:3: error: expected '=', ',', ';', 'asm' or '__attribute__' at end of input
configure:2218: $? = 1
configure: failed program was:
| #ifndef __cplusplus
|   choke me
| #endif
configure:2403: checking for g++
configure:2419: found /usr/bin/g++
configure:2429: result: g++
configure:2445: checking for C++ compiler version
configure:2448: g++ --version </dev/null >&5
g++ (Gentoo 4.9.3 p1.4, pie-0.6.4) 4.9.3
Copyright (C) 2015 Free Software Foundation, Inc.
This is free software; see the source for copying conditions.  There is NO
warranty; not even for MERCHANTABILITY or FITNESS FOR A PARTICULAR PURPOSE.

configure:2451: $? = 0
configure:2453: g++ -v </dev/null >&5
Using built-in specs.
COLLECT_GCC=/usr/x86_64-pc-linux-gnu/gcc-bin/4.9.3/g++
COLLECT_LTO_WRAPPER=/usr/libexec/gcc/x86_64-pc-linux-gnu/4.9.3/lto-wrapper
Target: x86_64-pc-linux-gnu
Configured with: /scratch/portage/tmp/portage/sys-devel/gcc-4.9.3/work/gcc-4.9.3/configure --host=x86_64-pc-linux-gnu --build=x86_64-pc-linux-gnu --prefix=/usr --bindir=/usr/x86_64-pc-linux-gnu/gcc-bin/4.9.3 --includedir=/usr/lib/gcc/x86_64-pc-linux-gnu/4.9.3/include --datadir=/usr/share/gcc-data/x86_64-pc-linux-gnu/4.9.3 --mandir=/usr/share/gcc-data/x86_64-pc-linux-gnu/4.9.3/man --infodir=/usr/share/gcc-data/x86_64-pc-linux-gnu/4.9.3/info --with-gxx-include-dir=/usr/lib/gcc/x86_64-pc-linux-gnu/4.9.3/include/g++-v4 --with-python-dir=/share/gcc-data/x86_64-pc-linux-gnu/4.9.3/python --enable-objc-gc --enable-languages=c,c++,java,go,objc,obj-c++,fortran --enable-obsolete --enable-secureplt --disable-werror --with-system-zlib --disable-nls --enable-checking=release --with-bugurl=https://bugs.gentoo.org/ --with-pkgversion='Gentoo 4.9.3 p1.4, pie-0.6.4' --enable-libstdcxx-time --enable-shared --enable-threads=posix --enable-__cxa_atexit --enable-clocale=gnu --enable-multilib --with-multilib-list=m32,m64 --disable-altivec --disable-fixed-point --enable-targets=all --enable-libgomp --disable-libmudflap --disable-libssp --disable-libcilkrts --enable-lto --without-cloog --disable-libsanitizer
Thread model: posix
gcc version 4.9.3 (Gentoo 4.9.3 p1.4, pie-0.6.4) 
configure:2456: $? = 0
configure:2458: g++ -V </dev/null >&5
g++: error: unrecognized command line option '-V'
g++: fatal error: no input files
compilation terminated.
configure:2461: $? = 1
configure:2464: checking whether we are using the GNU C++ compiler
configure:2488: g++ -c -g -O3  conftest.cc >&5
configure:2494: $? = 0
configure:2498: test -z 
			 || test ! -s conftest.err
configure:2501: $? = 0
configure:2504: test -s conftest.o
configure:2507: $? = 0
configure:2520: result: yes
configure:2526: checking whether g++ accepts -g
configure:2547: g++ -c -g  conftest.cc >&5
configure:2553: $? = 0
configure:2557: test -z 
			 || test ! -s conftest.err
configure:2560: $? = 0
configure:2563: test -s conftest.o
configure:2566: $? = 0
configure:2577: result: yes
configure:2619: g++ -c -g -O3  conftest.cc >&5
configure:2625: $? = 0
configure:2629: test -z 
			 || test ! -s conftest.err
configure:2632: $? = 0
configure:2635: test -s conftest.o
configure:2638: $? = 0
configure:2664: g++ -c -g -O3  conftest.cc >&5
conftest.cc: In function 'int main()':
conftest.cc:13:9: error: 'exit' was not declared in this scope
 exit (42);
         ^
configure:2670: $? = 1
configure: failed program was:
| /* confdefs.h.  */
| 
| #define PACKAGE_NAME "Indri"
| #define PACKAGE_TARNAME "indri"
| #define PACKAGE_VERSION "5.6"
| #define PACKAGE_STRING "Indri 5.6"
| #define PACKAGE_BUGREPORT "project@lemurproject.org"
| /* end confdefs.h.  */
| 
| int
| main ()
| {
| exit (42);
|   ;
|   return 0;
| }
configure:2619: g++ -c -g -O3  conftest.cc >&5
conftest.cc:9:40: error: 'void std::exit(int)' should have been declared inside 'std'
 extern "C" void std::exit (int) throw (); using std::exit;
                                        ^
configure:2625: $? = 1
configure: failed program was:
| /* confdefs.h.  */
| 
| #define PACKAGE_NAME "Indri"
| #define PACKAGE_TARNAME "indri"
| #define PACKAGE_VERSION "5.6"
| #define PACKAGE_STRING "Indri 5.6"
| #define PACKAGE_BUGREPORT "project@lemurproject.org"
| /* end confdefs.h.  */
| extern "C" void std::exit (int) throw (); using std::exit;
| #include <stdlib.h>
| int
| main ()
| {
| exit (42);
|   ;
|   return 0;
| }
configure:2619: g++ -c -g -O3  conftest.cc >&5
conftest.cc:9:31: error: 'void std::exit(int)' should have been declared inside 'std'
 extern "C" void std::exit (int); using std::exit;
                               ^
In file included from conftest.cc:10:0:
/usr/include/stdlib.h:543:70: error: declaration of 'void std::exit(int) throw ()' has a different exception specifier
 extern void exit (int __status) __THROW __attribute__ ((__noreturn__));
                                                                      ^
conftest.cc:9:17: error: from previous declaration 'void std::exit(int)'
 extern "C" void std::exit (int); using std::exit;
                 ^
configure:2625: $? = 1
configure: failed program was:
| /* confdefs.h.  */
| 
| #define PACKAGE_NAME "Indri"
| #define PACKAGE_TARNAME "indri"
| #define PACKAGE_VERSION "5.6"
| #define PACKAGE_STRING "Indri 5.6"
| #define PACKAGE_BUGREPORT "project@lemurproject.org"
| /* end confdefs.h.  */
| extern "C" void std::exit (int); using std::exit;
| #include <stdlib.h>
| int
| main ()
| {
| exit (42);
|   ;
|   return 0;
| }
configure:2619: g++ -c -g -O3  conftest.cc >&5
configure:2625: $? = 0
configure:2629: test -z 
			 || test ! -s conftest.err
configure:2632: $? = 0
configure:2635: test -s conftest.o
configure:2638: $? = 0
configure:2664: g++ -c -g -O3  conftest.cc >&5
configure:2670: $? = 0
configure:2674: test -z 
			 || test ! -s conftest.err
configure:2677: $? = 0
configure:2680: test -s conftest.o
configure:2683: $? = 0
configure:2711: checking for flex
configure:2727: found /usr/bin/flex
configure:2737: result: flex
configure:2750: checking for yywrap in -lfl
configure:2780: gcc -o conftest -g -O3   conftest.c -lfl   >&5
configure:2786: $? = 0
configure:2790: test -z 
			 || test ! -s conftest.err
configure:2793: $? = 0
configure:2796: test -s conftest
configure:2799: $? = 0
configure:2812: result: yes
configure:2890: checking lex output file root
configure:2901: flex conftest.l
configure:2904: $? = 0
configure:2916: result: lex.yy
configure:2921: checking whether yytext is a pointer
configure:2937: gcc -o conftest -g -O3   conftest.c  -lfl >&5
configure:2943: $? = 0
configure:2947: test -z 
			 || test ! -s conftest.err
configure:2950: $? = 0
configure:2953: test -s conftest
configure:2956: $? = 0
configure:2970: result: yes
configure:2994: checking for a BSD-compatible install
configure:3049: result: /usr/bin/install -c
configure:3064: checking for ar
configure:3082: found /usr/bin/ar
configure:3094: result: /usr/bin/ar
configure:3110: checking for a supported version of gcc
configure:3143: result: ok (4.9.3)
configure:3157: checking for log in -lm
configure:3187: gcc -o conftest -g -O3   conftest.c -lm   >&5
conftest.c:21:6: warning: conflicting types for built-in function 'log'
 char log ();
      ^
configure:3193: $? = 0
configure:3197: test -z 
			 || test ! -s conftest.err
configure:3200: $? = 0
configure:3203: test -s conftest
configure:3206: $? = 0
configure:3219: result: yes
configure:3231: checking for pthread_create in -lpthread
configure:3261: gcc -o conftest -g -O3   conftest.c -lpthread  -lm  >&5
configure:3267: $? = 0
configure:3271: test -z 
			 || test ! -s conftest.err
configure:3274: $? = 0
configure:3277: test -s conftest
configure:3280: $? = 0
configure:3293: result: yes
configure:3487: checking for deflate in -lz
configure:3517: gcc -o conftest -g -O3   conftest.c -lz  -lpthread -lm  >&5
configure:3523: $? = 0
configure:3527: test -z 
			 || test ! -s conftest.err
configure:3530: $? = 0
configure:3533: test -s conftest
configure:3536: $? = 0
configure:3549: result: yes
configure:3561: checking for mkstemps in -liberty
configure:3591: gcc -o conftest -g -O3   conftest.c -liberty  -lz -lpthread -lm  >&5
configure:3597: $? = 0
configure:3601: test -z 
			 || test ! -s conftest.err
configure:3604: $? = 0
configure:3607: test -s conftest
configure:3610: $? = 0
configure:3623: result: yes
configure:3642: checking whether C++ namespaces are supported
configure:3666: g++ -c -g -O3  conftest.cc >&5
configure:3672: $? = 0
configure:3676: test -z 
			 || test ! -s conftest.err
configure:3679: $? = 0
configure:3682: test -s conftest.o
configure:3685: $? = 0
configure:3701: result: yes
configure:3711: checking whether isnan is in namespace std
configure:3737: g++ -c -g -O3  conftest.cc >&5
configure:3743: $? = 0
configure:3747: test -z 
			 || test ! -s conftest.err
configure:3750: $? = 0
configure:3753: test -s conftest.o
configure:3756: $? = 0
configure:3772: result: yes
configure:3782: checking whether isnan is in namespace __gnu_cxx
configure:3808: g++ -c -g -O3  conftest.cc >&5
conftest.cc: In function 'int lemur::isnan(float)':
conftest.cc:21:50: error: 'isnan' is not a member of '__gnu_cxx'
     namespace lemur { int isnan(float x){ return __gnu_cxx::isnan(x); } };
                                                  ^
conftest.cc:21:50: note: suggested alternatives:
In file included from /usr/include/features.h:366:0,
                 from /usr/lib/gcc/x86_64-pc-linux-gnu/4.9.3/include/g++-v4/x86_64-pc-linux-gnu/bits/os_defines.h:39,
                 from /usr/lib/gcc/x86_64-pc-linux-gnu/4.9.3/include/g++-v4/x86_64-pc-linux-gnu/bits/c++config.h:430,
                 from /usr/lib/gcc/x86_64-pc-linux-gnu/4.9.3/include/g++-v4/cmath:41,
                 from conftest.cc:20:
/usr/include/bits/mathcalls.h:234:1: note:   'isnan'
 __MATHDECL_1 (int,isnan,, (_Mdouble_ __value)) __attribute__ ((__const__));
 ^
In file included from conftest.cc:20:0:
/usr/lib/gcc/x86_64-pc-linux-gnu/4.9.3/include/g++-v4/cmath:837:5: note:   'std::isnan'
     isnan(_Tp __f)
     ^
conftest.cc:21:27: note:   'lemur::isnan'
     namespace lemur { int isnan(float x){ return __gnu_cxx::isnan(x); } };
                           ^
configure:3814: $? = 1
configure: failed program was:
| /* confdefs.h.  */
| 
| #define PACKAGE_NAME "Indri"
| #define PACKAGE_TARNAME "indri"
| #define PACKAGE_VERSION "5.6"
| #define PACKAGE_STRING "Indri 5.6"
| #define PACKAGE_BUGREPORT "project@lemurproject.org"
| #ifdef __cplusplus
| extern "C" void exit (int) throw ();
| #endif
| #define YYTEXT_POINTER 1
| #define INDRI_STANDALONE 1
| #define HAVE_LIBM 1
| #define HAVE_LIBPTHREAD 1
| #define HAVE_LIBZ 1
| #define HAVE_LIBIBERTY 1
| #define HAVE_NAMESPACES
| #define ISNAN_IN_NAMESPACE_STD
| /* end confdefs.h.  */
| #include <cmath>
| 	   namespace lemur { int isnan(float x){ return __gnu_cxx::isnan(x); } };
| int
| main ()
| {
| 
| 	   using namespace lemur; float x = 1.0; lemur::isnan(x); return 0;
|   ;
|   return 0;
| }
configure:3843: result: no
configure:3852: checking whether byte ordering is bigendian
configure:3879: gcc -c -g -O3  conftest.c >&5
configure:3885: $? = 0
configure:3889: test -z 
			 || test ! -s conftest.err
configure:3892: $? = 0
configure:3895: test -s conftest.o
configure:3898: $? = 0
configure:3922: gcc -c -g -O3  conftest.c >&5
conftest.c: In function 'main':
conftest.c:27:2: error: unknown type name 'not'
  not big endian
  ^
conftest.c:27:10: error: expected '=', ',', ';', 'asm' or '__attribute__' before 'endian'
  not big endian
          ^
configure:3928: $? = 1
configure: failed program was:
| /* confdefs.h.  */
| 
| #define PACKAGE_NAME "Indri"
| #define PACKAGE_TARNAME "indri"
| #define PACKAGE_VERSION "5.6"
| #define PACKAGE_STRING "Indri 5.6"
| #define PACKAGE_BUGREPORT "project@lemurproject.org"
| #ifdef __cplusplus
| extern "C" void exit (int) throw ();
| #endif
| #define YYTEXT_POINTER 1
| #define INDRI_STANDALONE 1
| #define HAVE_LIBM 1
| #define HAVE_LIBPTHREAD 1
| #define HAVE_LIBZ 1
| #define HAVE_LIBIBERTY 1
| #define HAVE_NAMESPACES
| #define ISNAN_IN_NAMESPACE_STD
| /* end confdefs.h.  */
| #include <sys/types.h>
| #include <sys/param.h>
| 
| int
| main ()
| {
| #if BYTE_ORDER != BIG_ENDIAN
|  not big endian
| #endif
| 
|   ;
|   return 0;
| }
configure:4063: result: no
configure:4089: checking for special C compiler options needed for large files
configure:4188: result: no
configure:4194: checking for _FILE_OFFSET_BITS value needed for large files
configure:4225: gcc -c -g -O3  conftest.c >&5
configure:4231: $? = 0
configure:4235: test -z 
			 || test ! -s conftest.err
configure:4238: $? = 0
configure:4241: test -s conftest.o
configure:4244: $? = 0
configure:4309: result: no
configure:4319: checking for _LARGE_FILES value needed for large files
configure:4350: gcc -c -g -O3  conftest.c >&5
configure:4356: $? = 0
configure:4360: test -z 
			 || test ! -s conftest.err
configure:4363: $? = 0
configure:4366: test -s conftest.o
configure:4369: $? = 0
configure:4434: result: no
configure:4446: checking for _LARGEFILE_SOURCE value needed for large files
configure:4469: gcc -c -g -O3  conftest.c >&5
configure:4475: $? = 0
configure:4479: test -z 
			 || test ! -s conftest.err
configure:4482: $? = 0
configure:4485: test -s conftest.o
configure:4488: $? = 0
configure:4545: result: no
configure:4559: checking for fseeko
configure:4580: gcc -o conftest -g -O3   conftest.c -liberty -lz -lpthread -lm  >&5
configure:4586: $? = 0
configure:4590: test -z 
			 || test ! -s conftest.err
configure:4593: $? = 0
configure:4596: test -s conftest
configure:4599: $? = 0
configure:4611: result: yes
configure:4636: checking how to run the C++ preprocessor
configure:4667: g++ -E  conftest.cc
configure:4673: $? = 0
configure:4705: g++ -E  conftest.cc
conftest.cc:21:28: fatal error: ac_nonexistent.h: No such file or directory
 #include <ac_nonexistent.h>
                            ^
compilation terminated.
configure:4711: $? = 1
configure: failed program was:
| /* confdefs.h.  */
| 
| #define PACKAGE_NAME "Indri"
| #define PACKAGE_TARNAME "indri"
| #define PACKAGE_VERSION "5.6"
| #define PACKAGE_STRING "Indri 5.6"
| #define PACKAGE_BUGREPORT "project@lemurproject.org"
| #ifdef __cplusplus
| extern "C" void exit (int) throw ();
| #endif
| #define YYTEXT_POINTER 1
| #define INDRI_STANDALONE 1
| #define HAVE_LIBM 1
| #define HAVE_LIBPTHREAD 1
| #define HAVE_LIBZ 1
| #define HAVE_LIBIBERTY 1
| #define HAVE_NAMESPACES
| #define ISNAN_IN_NAMESPACE_STD
| #define HAVE_FSEEKO 1
| /* end confdefs.h.  */
| #include <ac_nonexistent.h>
configure:4750: result: g++ -E
configure:4774: g++ -E  conftest.cc
configure:4780: $? = 0
configure:4812: g++ -E  conftest.cc
conftest.cc:21:28: fatal error: ac_nonexistent.h: No such file or directory
 #include <ac_nonexistent.h>
                            ^
compilation terminated.
configure:4818: $? = 1
configure: failed program was:
| /* confdefs.h.  */
| 
| #define PACKAGE_NAME "Indri"
| #define PACKAGE_TARNAME "indri"
| #define PACKAGE_VERSION "5.6"
| #define PACKAGE_STRING "Indri 5.6"
| #define PACKAGE_BUGREPORT "project@lemurproject.org"
| #ifdef __cplusplus
| extern "C" void exit (int) throw ();
| #endif
| #define YYTEXT_POINTER 1
| #define INDRI_STANDALONE 1
| #define HAVE_LIBM 1
| #define HAVE_LIBPTHREAD 1
| #define HAVE_LIBZ 1
| #define HAVE_LIBIBERTY 1
| #define HAVE_NAMESPACES
| #define ISNAN_IN_NAMESPACE_STD
| #define HAVE_FSEEKO 1
| /* end confdefs.h.  */
| #include <ac_nonexistent.h>
configure:4862: checking for egrep
configure:4872: result: grep -E
configure:4877: checking for ANSI C header files
configure:4902: g++ -c -g -O3  conftest.cc >&5
configure:4908: $? = 0
configure:4912: test -z 
			 || test ! -s conftest.err
configure:4915: $? = 0
configure:4918: test -s conftest.o
configure:4921: $? = 0
configure:5010: g++ -o conftest -g -O3   conftest.cc -liberty -lz -lpthread -lm  >&5
configure:5013: $? = 0
configure:5015: ./conftest
configure:5018: $? = 0
configure:5033: result: yes
configure:5057: checking for sys/types.h
configure:5073: g++ -c -g -O3  conftest.cc >&5
configure:5079: $? = 0
configure:5083: test -z 
			 || test ! -s conftest.err
configure:5086: $? = 0
configure:5089: test -s conftest.o
configure:5092: $? = 0
configure:5103: result: yes
configure:5057: checking for sys/stat.h
configure:5073: g++ -c -g -O3  conftest.cc >&5
configure:5079: $? = 0
configure:5083: test -z 
			 || test ! -s conftest.err
configure:5086: $? = 0
configure:5089: test -s conftest.o
configure:5092: $? = 0
configure:5103: result: yes
configure:5057: checking for stdlib.h
configure:5073: g++ -c -g -O3  conftest.cc >&5
configure:5079: $? = 0
configure:5083: test -z 
			 || test ! -s conftest.err
configure:5086: $? = 0
configure:5089: test -s conftest.o
configure:5092: $? = 0
configure:5103: result: yes
configure:5057: checking for string.h
configure:5073: g++ -c -g -O3  conftest.cc >&5
configure:5079: $? = 0
configure:5083: test -z 
			 || test ! -s conftest.err
configure:5086: $? = 0
configure:5089: test -s conftest.o
configure:5092: $? = 0
configure:5103: result: yes
configure:5057: checking for memory.h
configure:5073: g++ -c -g -O3  conftest.cc >&5
configure:5079: $? = 0
configure:5083: test -z 
			 || test ! -s conftest.err
configure:5086: $? = 0
configure:5089: test -s conftest.o
configure:5092: $? = 0
configure:5103: result: yes
configure:5057: checking for strings.h
configure:5073: g++ -c -g -O3  conftest.cc >&5
configure:5079: $? = 0
configure:5083: test -z 
			 || test ! -s conftest.err
configure:5086: $? = 0
configure:5089: test -s conftest.o
configure:5092: $? = 0
configure:5103: result: yes
configure:5057: checking for inttypes.h
configure:5073: g++ -c -g -O3  conftest.cc >&5
configure:5079: $? = 0
configure:5083: test -z 
			 || test ! -s conftest.err
configure:5086: $? = 0
configure:5089: test -s conftest.o
configure:5092: $? = 0
configure:5103: result: yes
configure:5057: checking for stdint.h
configure:5073: g++ -c -g -O3  conftest.cc >&5
configure:5079: $? = 0
configure:5083: test -z 
			 || test ! -s conftest.err
configure:5086: $? = 0
configure:5089: test -s conftest.o
configure:5092: $? = 0
configure:5103: result: yes
configure:5057: checking for unistd.h
configure:5073: g++ -c -g -O3  conftest.cc >&5
configure:5079: $? = 0
configure:5083: test -z 
			 || test ! -s conftest.err
configure:5086: $? = 0
configure:5089: test -s conftest.o
configure:5092: $? = 0
configure:5103: result: yes
configure:5129: checking bits/atomicity.h usability
configure:5141: g++ -c -g -O3  conftest.cc >&5
conftest.cc:65:28: fatal error: bits/atomicity.h: No such file or directory
 #include <bits/atomicity.h>
                            ^
compilation terminated.
configure:5147: $? = 1
configure: failed program was:
| /* confdefs.h.  */
| 
| #define PACKAGE_NAME "Indri"
| #define PACKAGE_TARNAME "indri"
| #define PACKAGE_VERSION "5.6"
| #define PACKAGE_STRING "Indri 5.6"
| #define PACKAGE_BUGREPORT "project@lemurproject.org"
| #ifdef __cplusplus
| extern "C" void exit (int) throw ();
| #endif
| #define YYTEXT_POINTER 1
| #define INDRI_STANDALONE 1
| #define HAVE_LIBM 1
| #define HAVE_LIBPTHREAD 1
| #define HAVE_LIBZ 1
| #define HAVE_LIBIBERTY 1
| #define HAVE_NAMESPACES
| #define ISNAN_IN_NAMESPACE_STD
| #define HAVE_FSEEKO 1
| #define STDC_HEADERS 1
| #define HAVE_SYS_TYPES_H 1
| #define HAVE_SYS_STAT_H 1
| #define HAVE_STDLIB_H 1
| #define HAVE_STRING_H 1
| #define HAVE_MEMORY_H 1
| #define HAVE_STRINGS_H 1
| #define HAVE_INTTYPES_H 1
| #define HAVE_STDINT_H 1
| #define HAVE_UNISTD_H 1
| /* end confdefs.h.  */
| #include <stdio.h>
| #if HAVE_SYS_TYPES_H
| # include <sys/types.h>
| #endif
| #if HAVE_SYS_STAT_H
| # include <sys/stat.h>
| #endif
| #if STDC_HEADERS
| # include <stdlib.h>
| # include <stddef.h>
| #else
| # if HAVE_STDLIB_H
| #  include <stdlib.h>
| # endif
| #endif
| #if HAVE_STRING_H
| # if !STDC_HEADERS && HAVE_MEMORY_H
| #  include <memory.h>
| # endif
| # include <string.h>
| #endif
| #if HAVE_STRINGS_H
| # include <strings.h>
| #endif
| #if HAVE_INTTYPES_H
| # include <inttypes.h>
| #else
| # if HAVE_STDINT_H
| #  include <stdint.h>
| # endif
| #endif
| #if HAVE_UNISTD_H
| # include <unistd.h>
| #endif
| #include <bits/atomicity.h>
configure:5170: result: no
configure:5174: checking bits/atomicity.h presence
configure:5184: g++ -E  conftest.cc
conftest.cc:31:28: fatal error: bits/atomicity.h: No such file or directory
 #include <bits/atomicity.h>
                            ^
compilation terminated.
configure:5190: $? = 1
configure: failed program was:
| /* confdefs.h.  */
| 
| #define PACKAGE_NAME "Indri"
| #define PACKAGE_TARNAME "indri"
| #define PACKAGE_VERSION "5.6"
| #define PACKAGE_STRING "Indri 5.6"
| #define PACKAGE_BUGREPORT "project@lemurproject.org"
| #ifdef __cplusplus
| extern "C" void exit (int) throw ();
| #endif
| #define YYTEXT_POINTER 1
| #define INDRI_STANDALONE 1
| #define HAVE_LIBM 1
| #define HAVE_LIBPTHREAD 1
| #define HAVE_LIBZ 1
| #define HAVE_LIBIBERTY 1
| #define HAVE_NAMESPACES
| #define ISNAN_IN_NAMESPACE_STD
| #define HAVE_FSEEKO 1
| #define STDC_HEADERS 1
| #define HAVE_SYS_TYPES_H 1
| #define HAVE_SYS_STAT_H 1
| #define HAVE_STDLIB_H 1
| #define HAVE_STRING_H 1
| #define HAVE_MEMORY_H 1
| #define HAVE_STRINGS_H 1
| #define HAVE_INTTYPES_H 1
| #define HAVE_STDINT_H 1
| #define HAVE_UNISTD_H 1
| /* end confdefs.h.  */
| #include <bits/atomicity.h>
configure:5210: result: no
configure:5245: checking for bits/atomicity.h
configure:5252: result: no
configure:5279: checking ext/atomicity.h usability
configure:5291: g++ -c -g -O3  conftest.cc >&5
configure:5297: $? = 0
configure:5301: test -z 
			 || test ! -s conftest.err
configure:5304: $? = 0
configure:5307: test -s conftest.o
configure:5310: $? = 0
configure:5320: result: yes
configure:5324: checking ext/atomicity.h presence
configure:5334: g++ -E  conftest.cc
configure:5340: $? = 0
configure:5360: result: yes
configure:5395: checking for ext/atomicity.h
configure:5402: result: yes
configure:5518: checking for mkstemp
configure:5575: gcc -o conftest -g -O3   conftest.c -liberty -lz -lpthread -lm  >&5
configure:5581: $? = 0
configure:5585: test -z 
			 || test ! -s conftest.err
configure:5588: $? = 0
configure:5591: test -s conftest
configure:5594: $? = 0
configure:5606: result: yes
configure:5620: checking for mkstemps
configure:5677: gcc -o conftest -g -O3   conftest.c -liberty -lz -lpthread -lm  >&5
configure:5683: $? = 0
configure:5687: test -z 
			 || test ! -s conftest.err
configure:5690: $? = 0
configure:5693: test -s conftest
configure:5696: $? = 0
configure:5708: result: yes
configure:6300: creating ./config.status

## ---------------------- ##
## Running config.status. ##
## ---------------------- ##

This file was extended by Indri config.status 5.6, which was
generated by GNU Autoconf 2.59.  Invocation command line was

  CONFIG_FILES    = 
  CONFIG_HEADERS  = 
  CONFIG_LINKS    = 
  CONFIG_COMMANDS = 
  $ ./config.status 

on sslab22.cs.purdue.edu

config.status:685: creating MakeDefns
config.status:685: creating Makefile.app
config.status:685: creating site-search/build.param
config.status:685: creating site-search/crawl-index
config.status:685: creating site-search/seeds.txt
config.status:685: creating site-search/excluded_hosts

## ---------------- ##
## Cache variables. ##
## ---------------- ##

ac_cv_build=x86_64-unknown-linux-gnu
ac_cv_build_alias=x86_64-unknown-linux-gnu
ac_cv_c_bigendian=no
ac_cv_c_compiler_gnu=yes
ac_cv_cxx_compiler_gnu=yes
ac_cv_cxx_isnan_gnu_cxx=no
ac_cv_cxx_isnan_std=yes
ac_cv_cxx_namespaces=yes
ac_cv_env_CC_set=
ac_cv_env_CC_value=
ac_cv_env_CFLAGS_set=
ac_cv_env_CFLAGS_value=
ac_cv_env_CPPFLAGS_set=
ac_cv_env_CPPFLAGS_value=
ac_cv_env_CXXCPP_set=
ac_cv_env_CXXCPP_value=
ac_cv_env_CXXFLAGS_set=
ac_cv_env_CXXFLAGS_value=
ac_cv_env_CXX_set=
ac_cv_env_CXX_value=
ac_cv_env_LDFLAGS_set=
ac_cv_env_LDFLAGS_value=
ac_cv_env_build_alias_set=
ac_cv_env_build_alias_value=
ac_cv_env_host_alias_set=
ac_cv_env_host_alias_value=
ac_cv_env_target_alias_set=
ac_cv_env_target_alias_value=
ac_cv_exeext=
ac_cv_func_fseeko=yes
ac_cv_func_mkstemp=yes
ac_cv_func_mkstemps=yes
ac_cv_header_bits_atomicity_h=no
ac_cv_header_ext_atomicity_h=yes
ac_cv_header_inttypes_h=yes
ac_cv_header_memory_h=yes
ac_cv_header_stdc=yes
ac_cv_header_stdint_h=yes
ac_cv_header_stdlib_h=yes
ac_cv_header_string_h=yes
ac_cv_header_strings_h=yes
ac_cv_header_sys_stat_h=yes
ac_cv_header_sys_types_h=yes
ac_cv_header_unistd_h=yes
ac_cv_host=x86_64-unknown-linux-gnu
ac_cv_host_alias=x86_64-unknown-linux-gnu
ac_cv_lib_fl_yywrap=yes
ac_cv_lib_iberty_mkstemps=yes
ac_cv_lib_m_log=yes
ac_cv_lib_pthread_pthread_create=yes
ac_cv_lib_z_deflate=yes
ac_cv_objext=o
ac_cv_path_AR=/usr/bin/ar
ac_cv_path_install='/usr/bin/install -c'
ac_cv_prog_CXXCPP='g++ -E'
ac_cv_prog_LEX=flex
ac_cv_prog_ac_ct_CC=gcc
ac_cv_prog_ac_ct_CXX=g++
ac_cv_prog_cc_g=yes
ac_cv_prog_cc_stdc=
ac_cv_prog_cxx_g=yes
ac_cv_prog_egrep='grep -E'
ac_cv_prog_lex_root=lex.yy
ac_cv_prog_lex_yytext_pointer=yes
ac_cv_sys_file_offset_bits=no
ac_cv_sys_large_files=no
ac_cv_sys_largefile_CC=no
ac_cv_sys_largefile_source=no

## ----------------- ##
## Output variables. ##
## ----------------- ##

AR='/usr/bin/ar'
CC='gcc'
CFLAGS='-g -O3'
CPPFLAGS=''
CSHARP_SHARED='-shared'
CSHARP_SO='.so'
CXX='g++'
CXXCPP='g++ -E'
CXXFLAGS='-g -O3'
DEFS='-DPACKAGE_NAME=\"Indri\" -DPACKAGE_TARNAME=\"indri\" -DPACKAGE_VERSION=\"5.6\" -DPACKAGE_STRING=\"Indri\ 5.6\" -DPACKAGE_BUGREPORT=\"project@lemurproject.org\" -DYYTEXT_POINTER=1 -DINDRI_STANDALONE=1 -DHAVE_LIBM=1 -DHAVE_LIBPTHREAD=1 -DHAVE_LIBZ=1 -DHAVE_LIBIBERTY=1 -DHAVE_NAMESPACES= -DISNAN_IN_NAMESPACE_STD= -DHAVE_FSEEKO=1 -DSTDC_HEADERS=1 -DHAVE_SYS_TYPES_H=1 -DHAVE_SYS_STAT_H=1 -DHAVE_STDLIB_H=1 -DHAVE_STRING_H=1 -DHAVE_MEMORY_H=1 -DHAVE_STRINGS_H=1 -DHAVE_INTTYPES_H=1 -DHAVE_STDINT_H=1 -DHAVE_UNISTD_H=1 -DHAVE_EXT_ATOMICITY_H=1 -DP_NEEDS_GNU_CXX_NAMESPACE=1 -DHAVE_MKSTEMP=1 -DHAVE_MKSTEMPS=1 -DNDEBUG=1 '
ECHO_C=''
ECHO_N='-n'
ECHO_T=''
EGREP='grep -E'
EXEEXT=''
GCC_33='0'
INDRI_STANDALONE='1'
INSTALL_DATA='${INSTALL} -m 644'
INSTALL_PROGRAM='${INSTALL}'
INSTALL_SCRIPT='${INSTALL}'
JAR=''
JAVAC=''
JAVADOC=''
JAVAHOME=''
JAVAINC=''
JAVA_SHARED='-shared'
JAVA_SO='.so'
LDFLAGS=''
LEX='flex'
LEXLIB='-lfl'
LEX_OUTPUT_ROOT='lex.yy'
LIBOBJS=''
LIBS='-liberty -lz -lpthread -lm '
LTLIBOBJS=''
MCS=''
NEED_ANTLR='1'
OBJEXT='o'
PACKAGE_BUGREPORT='project@lemurproject.org'
PACKAGE_NAME='Indri'
PACKAGE_STRING='Indri 5.6'
PACKAGE_TARNAME='indri'
PACKAGE_VERSION='5.6'
PATH_SEPARATOR=':'
PHPCONFIG=''
PHPINCLUDE=''
PHP_SHARED='-shared'
PHP_SO='.so'
SHARED='-shared -fPIC'
SHELL='/bin/sh'
SITESEED='unknownhost'
SWIG=''
WITH_CSHARP='0'
WITH_JAVA='0'
WITH_PHP='0'
WITH_SWIG='0'
ac_ct_CC='gcc'
ac_ct_CXX='g++'
bindir='${exec_prefix}/bin'
build='x86_64-unknown-linux-gnu'
build_alias=''
build_cpu='x86_64'
build_os='linux-gnu'
build_vendor='unknown'
datadir='${prefix}/share'
exec_prefix='${prefix}'
host='x86_64-unknown-linux-gnu'
host_alias=''
host_cpu='x86_64'
host_os='linux-gnu'
host_vendor='unknown'
includedir='${prefix}/include'
infodir='${prefix}/info'
libdir='${exec_prefix}/lib'
libexecdir='${exec_prefix}/libexec'
localstatedir='${prefix}/var'
mandir='${prefix}/man'
oldincludedir='/usr/include'
prefix='/usr/local'
program_transform_name='s,x,x,'
sbindir='${exec_prefix}/sbin'
sharedstatedir='${prefix}/com'
sysconfdir='${prefix}/etc'
target_alias=''

## ----------- ##
## confdefs.h. ##
## ----------- ##

#define HAVE_EXT_ATOMICITY_H 1
#define HAVE_FSEEKO 1
#define HAVE_INTTYPES_H 1
#define HAVE_LIBIBERTY 1
#define HAVE_LIBM 1
#define HAVE_LIBPTHREAD 1
#define HAVE_LIBZ 1
#define HAVE_MEMORY_H 1
#define HAVE_MKSTEMP 1
#define HAVE_MKSTEMPS 1
#define HAVE_NAMESPACES
#define HAVE_STDINT_H 1
#define HAVE_STDLIB_H 1
#define HAVE_STRINGS_H 1
#define HAVE_STRING_H 1
#define HAVE_SYS_STAT_H 1
#define HAVE_SYS_TYPES_H 1
#define HAVE_UNISTD_H 1
#define INDRI_STANDALONE 1
#define ISNAN_IN_NAMESPACE_STD
#define NDEBUG 1
#define PACKAGE_BUGREPORT "project@lemurproject.org"
#define PACKAGE_NAME "Indri"
#define PACKAGE_STRING "Indri 5.6"
#define PACKAGE_TARNAME "indri"
#define PACKAGE_VERSION "5.6"
#define P_NEEDS_GNU_CXX_NAMESPACE 1
#define STDC_HEADERS 1
#define YYTEXT_POINTER 1
#endif
#ifdef __cplusplus
extern "C" void exit (int) throw ();

configure: exit 0
